  [1m[35m (122.9ms)[0m  [1m[35mCREATE DATABASE "proyecto-Testing_development" ENCODING = 'unicode'[0m
  [1m[35m (36.6ms)[0m  [1m[35mCREATE DATABASE "proyecto-Testing_test" ENCODING = 'unicode'[0m
  [1m[35m (17.2ms)[0m  [1m[35mCREATE TABLE "schema_migrations" ("version" character varying NOT NULL PRIMARY KEY)[0m
  [1m[35m (2.6ms)[0m  [1m[35mCREATE TABLE "ar_internal_metadata" ("key" character varying NOT NULL PRIMARY KEY, "value" character varying, "created_at" timestamp(6) NOT NULL, "updated_at" timestamp(6) NOT NULL)[0m
  [1m[35m (0.3ms)[0m  [1m[34mSELECT pg_try_advisory_lock(3068764288772549535)[0m
  [1m[36mActiveRecord::SchemaMigration Pluck (0.5ms)[0m  [1m[34mSELECT "schema_migrations"."version" FROM "schema_migrations" ORDER BY "schema_migrations"."version" ASC[0m
Migrating to CreateReservas (20211111171417)
  [1m[36mTRANSACTION (0.1ms)[0m  [1m[35mBEGIN[0m
  [1m[35m (5.9ms)[0m  [1m[35mCREATE TABLE "reservas" ("id" bigserial primary key, "sala" integer, "fecha" date, "asiento" integer, "horario" character varying, "created_at" timestamp(6) NOT NULL, "updated_at" timestamp(6) NOT NULL)[0m
  [1m[35m (1.0ms)[0m  [1m[35mCREATE UNIQUE INDEX "index_reservas_on_sala_and_fecha_and_asiento_and_horario" ON "reservas" ("sala", "fecha", "asiento", "horario")[0m
  [1m[36mActiveRecord::SchemaMigration Create (2.2ms)[0m  [1m[32mINSERT INTO "schema_migrations" ("version") VALUES ($1) RETURNING "version"[0m  [["version", "20211111171417"]]
  [1m[36mTRANSACTION (0.5ms)[0m  [1m[35mCOMMIT[0m
Migrating to CreateRooms (20211115224742)
  [1m[36mTRANSACTION (0.2ms)[0m  [1m[35mBEGIN[0m
  [1m[35m (1.9ms)[0m  [1m[35mCREATE TABLE "rooms" ("id" bigserial primary key, "number" integer, "created_at" timestamp(6) NOT NULL, "updated_at" timestamp(6) NOT NULL)[0m
  [1m[36mActiveRecord::SchemaMigration Create (0.1ms)[0m  [1m[32mINSERT INTO "schema_migrations" ("version") VALUES ($1) RETURNING "version"[0m  [["version", "20211115224742"]]
  [1m[36mTRANSACTION (2.0ms)[0m  [1m[35mCOMMIT[0m
Migrating to CreateMovies (20211115224920)
  [1m[36mTRANSACTION (0.2ms)[0m  [1m[35mBEGIN[0m
  [1m[35m (2.5ms)[0m  [1m[35mCREATE TABLE "movies" ("id" bigserial primary key, "title" character varying, "created_at" timestamp(6) NOT NULL, "updated_at" timestamp(6) NOT NULL)[0m
  [1m[36mActiveRecord::SchemaMigration Create (0.2ms)[0m  [1m[32mINSERT INTO "schema_migrations" ("version") VALUES ($1) RETURNING "version"[0m  [["version", "20211115224920"]]
  [1m[36mTRANSACTION (0.5ms)[0m  [1m[35mCOMMIT[0m
Migrating to CreateMovieTimes (20211115225219)
  [1m[36mTRANSACTION (0.5ms)[0m  [1m[35mBEGIN[0m
  [1m[35m (3.2ms)[0m  [1m[35mCREATE TABLE "movie_times" ("id" bigserial primary key, "movie" character varying, "room" integer, "time" character varying, "created_at" timestamp(6) NOT NULL, "updated_at" timestamp(6) NOT NULL)[0m
  [1m[36mActiveRecord::SchemaMigration Create (0.2ms)[0m  [1m[32mINSERT INTO "schema_migrations" ("version") VALUES ($1) RETURNING "version"[0m  [["version", "20211115225219"]]
  [1m[36mTRANSACTION (0.5ms)[0m  [1m[35mCOMMIT[0m
Migrating to CreateActiveStorageTables (20211123222824)
  [1m[36mTRANSACTION (0.2ms)[0m  [1m[35mBEGIN[0m
  [1m[35m (5.1ms)[0m  [1m[35mCREATE TABLE "active_storage_blobs" ("id" bigserial primary key, "key" character varying NOT NULL, "filename" character varying NOT NULL, "content_type" character varying, "metadata" text, "service_name" character varying NOT NULL, "byte_size" bigint NOT NULL, "checksum" character varying NOT NULL, "created_at" timestamp NOT NULL)[0m
  [1m[35m (0.8ms)[0m  [1m[35mCREATE UNIQUE INDEX "index_active_storage_blobs_on_key" ON "active_storage_blobs" ("key")[0m
  [1m[35m (4.5ms)[0m  [1m[35mCREATE TABLE "active_storage_attachments" ("id" bigserial primary key, "name" character varying NOT NULL, "record_type" character varying NOT NULL, "record_id" bigint NOT NULL, "blob_id" bigint NOT NULL, "created_at" timestamp NOT NULL, CONSTRAINT "fk_rails_c3b3935057"
FOREIGN KEY ("blob_id")
  REFERENCES "active_storage_blobs" ("id")
)[0m
  [1m[35m (0.7ms)[0m  [1m[35mCREATE INDEX "index_active_storage_attachments_on_blob_id" ON "active_storage_attachments" ("blob_id")[0m
  [1m[35m (0.6ms)[0m  [1m[35mCREATE UNIQUE INDEX "index_active_storage_attachments_uniqueness" ON "active_storage_attachments" ("record_type", "record_id", "name", "blob_id")[0m
  [1m[35m (2.8ms)[0m  [1m[35mCREATE TABLE "active_storage_variant_records" ("id" bigserial primary key, "blob_id" bigint NOT NULL, "variation_digest" character varying NOT NULL, CONSTRAINT "fk_rails_993965df05"
FOREIGN KEY ("blob_id")
  REFERENCES "active_storage_blobs" ("id")
)[0m
  [1m[35m (0.7ms)[0m  [1m[35mCREATE UNIQUE INDEX "index_active_storage_variant_records_uniqueness" ON "active_storage_variant_records" ("blob_id", "variation_digest")[0m
  [1m[36mActiveRecord::SchemaMigration Create (0.2ms)[0m  [1m[32mINSERT INTO "schema_migrations" ("version") VALUES ($1) RETURNING "version"[0m  [["version", "20211123222824"]]
  [1m[36mTRANSACTION (0.3ms)[0m  [1m[35mCOMMIT[0m
Migrating to AddRangoFechaToMovieTimes (20211124162849)
  [1m[36mTRANSACTION (0.5ms)[0m  [1m[35mBEGIN[0m
  [1m[35m (0.4ms)[0m  [1m[35mALTER TABLE "movie_times" ADD "date_start" date NOT NULL, ADD "date_enf" date NOT NULL[0m
  [1m[36mActiveRecord::SchemaMigration Create (0.1ms)[0m  [1m[32mINSERT INTO "schema_migrations" ("version") VALUES ($1) RETURNING "version"[0m  [["version", "20211124162849"]]
  [1m[36mTRANSACTION (0.1ms)[0m  [1m[35mCOMMIT[0m
Migrating to AddMovieIdToMovieTime (20211125033718)
  [1m[36mTRANSACTION (0.1ms)[0m  [1m[35mBEGIN[0m
  [1m[35m (5.9ms)[0m  [1m[35mALTER TABLE "movie_times" DROP COLUMN "movie"[0m
  [1m[35m (0.3ms)[0m  [1m[35mALTER TABLE "movie_times" ADD "movie_id" bigint NOT NULL[0m
  [1m[35m (1.2ms)[0m  [1m[35mCREATE INDEX "index_movie_times_on_movie_id" ON "movie_times" ("movie_id")[0m
  [1m[35m (1.9ms)[0m  [1m[35mALTER TABLE "movie_times" ADD CONSTRAINT "fk_rails_e6da71cf06"
FOREIGN KEY ("movie_id")
  REFERENCES "movies" ("id")
[0m
  [1m[36mActiveRecord::SchemaMigration Create (0.1ms)[0m  [1m[32mINSERT INTO "schema_migrations" ("version") VALUES ($1) RETURNING "version"[0m  [["version", "20211125033718"]]
  [1m[36mTRANSACTION (0.4ms)[0m  [1m[35mCOMMIT[0m
Migrating to FixTypo (20211125130104)
  [1m[36mTRANSACTION (0.1ms)[0m  [1m[35mBEGIN[0m
  [1m[35m (0.2ms)[0m  [1m[35mALTER TABLE "movie_times" RENAME COLUMN "date_enf" TO "date_end"[0m
  [1m[36mActiveRecord::SchemaMigration Create (0.1ms)[0m  [1m[32mINSERT INTO "schema_migrations" ("version") VALUES ($1) RETURNING "version"[0m  [["version", "20211125130104"]]
  [1m[36mTRANSACTION (0.2ms)[0m  [1m[35mCOMMIT[0m
Migrating to AddImageToMovies (20211126195647)
  [1m[36mTRANSACTION (0.2ms)[0m  [1m[35mBEGIN[0m
  [1m[35m (0.2ms)[0m  [1m[35mALTER TABLE "movies" ADD "image" character varying[0m
  [1m[36mActiveRecord::SchemaMigration Create (0.1ms)[0m  [1m[32mINSERT INTO "schema_migrations" ("version") VALUES ($1) RETURNING "version"[0m  [["version", "20211126195647"]]
  [1m[36mTRANSACTION (0.2ms)[0m  [1m[35mCOMMIT[0m
Migrating to AddNameToReservas (20221004204327)
  [1m[36mTRANSACTION (0.2ms)[0m  [1m[35mBEGIN[0m
  [1m[35m (0.4ms)[0m  [1m[35mALTER TABLE "reservas" ADD "name" character varying[0m
  [1m[36mActiveRecord::SchemaMigration Create (0.2ms)[0m  [1m[32mINSERT INTO "schema_migrations" ("version") VALUES ($1) RETURNING "version"[0m  [["version", "20221004204327"]]
  [1m[36mTRANSACTION (0.2ms)[0m  [1m[35mCOMMIT[0m
  [1m[36mActiveRecord::InternalMetadata Load (0.2ms)[0m  [1m[34mSELECT "ar_internal_metadata".* FROM "ar_internal_metadata" WHERE "ar_internal_metadata"."key" = $1 LIMIT $2[0m  [["key", "environment"], ["LIMIT", 1]]
  [1m[36mTRANSACTION (0.2ms)[0m  [1m[35mBEGIN[0m
  [1m[36mActiveRecord::InternalMetadata Create (3.4ms)[0m  [1m[32mINSERT INTO "ar_internal_metadata" ("key", "value", "created_at", "updated_at") VALUES ($1, $2, $3, $4) RETURNING "key"[0m  [["key", "environment"], ["value", "development"], ["created_at", "2022-10-09 20:38:47.589849"], ["updated_at", "2022-10-09 20:38:47.589849"]]
  [1m[36mTRANSACTION (0.2ms)[0m  [1m[35mCOMMIT[0m
  [1m[35m (0.9ms)[0m  [1m[34mSELECT pg_advisory_unlock(3068764288772549535)[0m
  [1m[36mActiveRecord::SchemaMigration Pluck (5.6ms)[0m  [1m[34mSELECT "schema_migrations"."version" FROM "schema_migrations" ORDER BY "schema_migrations"."version" ASC[0m
  [1m[36mActiveRecord::SchemaMigration Pluck (0.6ms)[0m  [1m[34mSELECT "schema_migrations"."version" FROM "schema_migrations" ORDER BY "schema_migrations"."version" ASC[0m
  [1m[36mTRANSACTION (0.1ms)[0m  [1m[35mBEGIN[0m
  [1m[36mRoom Create (1.0ms)[0m  [1m[32mINSERT INTO "rooms" ("number", "created_at", "updated_at") VALUES ($1, $2, $3) RETURNING "id"[0m  [["number", 1], ["created_at", "2022-10-09 20:38:55.651274"], ["updated_at", "2022-10-09 20:38:55.651274"]]
  [1m[36mTRANSACTION (0.3ms)[0m  [1m[35mCOMMIT[0m
  [1m[36mTRANSACTION (0.0ms)[0m  [1m[35mBEGIN[0m
  [1m[36mRoom Create (0.1ms)[0m  [1m[32mINSERT INTO "rooms" ("number", "created_at", "updated_at") VALUES ($1, $2, $3) RETURNING "id"[0m  [["number", 2], ["created_at", "2022-10-09 20:38:55.654154"], ["updated_at", "2022-10-09 20:38:55.654154"]]
  [1m[36mTRANSACTION (0.2ms)[0m  [1m[35mCOMMIT[0m
  [1m[36mTRANSACTION (0.2ms)[0m  [1m[35mBEGIN[0m
  [1m[36mRoom Create (0.1ms)[0m  [1m[32mINSERT INTO "rooms" ("number", "created_at", "updated_at") VALUES ($1, $2, $3) RETURNING "id"[0m  [["number", 3], ["created_at", "2022-10-09 20:38:55.655443"], ["updated_at", "2022-10-09 20:38:55.655443"]]
  [1m[36mTRANSACTION (0.2ms)[0m  [1m[35mCOMMIT[0m
  [1m[36mTRANSACTION (0.0ms)[0m  [1m[35mBEGIN[0m
  [1m[36mRoom Create (0.1ms)[0m  [1m[32mINSERT INTO "rooms" ("number", "created_at", "updated_at") VALUES ($1, $2, $3) RETURNING "id"[0m  [["number", 4], ["created_at", "2022-10-09 20:38:55.656947"], ["updated_at", "2022-10-09 20:38:55.656947"]]
  [1m[36mTRANSACTION (0.2ms)[0m  [1m[35mCOMMIT[0m
  [1m[36mTRANSACTION (0.0ms)[0m  [1m[35mBEGIN[0m
  [1m[36mRoom Create (0.1ms)[0m  [1m[32mINSERT INTO "rooms" ("number", "created_at", "updated_at") VALUES ($1, $2, $3) RETURNING "id"[0m  [["number", 5], ["created_at", "2022-10-09 20:38:55.658120"], ["updated_at", "2022-10-09 20:38:55.658120"]]
  [1m[36mTRANSACTION (0.2ms)[0m  [1m[35mCOMMIT[0m
  [1m[36mTRANSACTION (0.0ms)[0m  [1m[35mBEGIN[0m
  [1m[36mRoom Create (0.1ms)[0m  [1m[32mINSERT INTO "rooms" ("number", "created_at", "updated_at") VALUES ($1, $2, $3) RETURNING "id"[0m  [["number", 6], ["created_at", "2022-10-09 20:38:55.659370"], ["updated_at", "2022-10-09 20:38:55.659370"]]
  [1m[36mTRANSACTION (0.2ms)[0m  [1m[35mCOMMIT[0m
  [1m[36mTRANSACTION (0.0ms)[0m  [1m[35mBEGIN[0m
  [1m[36mRoom Create (0.1ms)[0m  [1m[32mINSERT INTO "rooms" ("number", "created_at", "updated_at") VALUES ($1, $2, $3) RETURNING "id"[0m  [["number", 7], ["created_at", "2022-10-09 20:38:55.660634"], ["updated_at", "2022-10-09 20:38:55.660634"]]
  [1m[36mTRANSACTION (0.2ms)[0m  [1m[35mCOMMIT[0m
  [1m[36mTRANSACTION (0.0ms)[0m  [1m[35mBEGIN[0m
  [1m[36mRoom Create (0.1ms)[0m  [1m[32mINSERT INTO "rooms" ("number", "created_at", "updated_at") VALUES ($1, $2, $3) RETURNING "id"[0m  [["number", 8], ["created_at", "2022-10-09 20:38:55.661904"], ["updated_at", "2022-10-09 20:38:55.661904"]]
  [1m[36mTRANSACTION (0.2ms)[0m  [1m[35mCOMMIT[0m
Started GET "/" for 127.0.0.1 at 2022-10-09 17:39:12 -0300
  [1m[36mActiveRecord::SchemaMigration Pluck (0.5ms)[0m  [1m[34mSELECT "schema_migrations"."version" FROM "schema_migrations" ORDER BY "schema_migrations"."version" ASC[0m
Processing by MovieController#home as HTML
  Rendering layout layouts/application.html.erb
  Rendering movie/home.html.erb within layouts/application
  Rendered movie/home.html.erb within layouts/application (Duration: 576.0ms | Allocations: 86920)
  Rendered layout layouts/application.html.erb (Duration: 587.0ms | Allocations: 103464)
Completed 200 OK in 595ms (Views: 589.9ms | ActiveRecord: 0.0ms | Allocations: 110790)


Started GET "/_next/webpack-hmr" for ::1 at 2022-10-09 17:39:53 -0300
  
ActionController::RoutingError (No route matches [GET] "/_next/webpack-hmr"):
  
Started GET "/_next/webpack-hmr" for ::1 at 2022-10-09 17:40:01 -0300
  
ActionController::RoutingError (No route matches [GET] "/_next/webpack-hmr"):
  
Started GET "/_next/webpack-hmr" for ::1 at 2022-10-09 17:40:06 -0300
  
ActionController::RoutingError (No route matches [GET] "/_next/webpack-hmr"):
  
Started GET "/_next/webpack-hmr" for ::1 at 2022-10-09 17:40:13 -0300
  
ActionController::RoutingError (No route matches [GET] "/_next/webpack-hmr"):
  
Started GET "/_next/webpack-hmr" for ::1 at 2022-10-09 17:40:18 -0300
  
ActionController::RoutingError (No route matches [GET] "/_next/webpack-hmr"):
  
Started GET "/_next/webpack-hmr" for ::1 at 2022-10-09 17:40:24 -0300
  
ActionController::RoutingError (No route matches [GET] "/_next/webpack-hmr"):
  
Started GET "/_next/webpack-hmr" for ::1 at 2022-10-09 17:40:30 -0300
  
ActionController::RoutingError (No route matches [GET] "/_next/webpack-hmr"):
  
Started GET "/_next/webpack-hmr" for ::1 at 2022-10-09 17:40:36 -0300
  
ActionController::RoutingError (No route matches [GET] "/_next/webpack-hmr"):
  
Started GET "/_next/webpack-hmr" for ::1 at 2022-10-09 17:40:41 -0300
  
ActionController::RoutingError (No route matches [GET] "/_next/webpack-hmr"):
  
Started GET "/_next/webpack-hmr" for ::1 at 2022-10-09 17:40:48 -0300
  
ActionController::RoutingError (No route matches [GET] "/_next/webpack-hmr"):
  
Started GET "/_next/webpack-hmr" for ::1 at 2022-10-09 17:40:54 -0300
  
ActionController::RoutingError (No route matches [GET] "/_next/webpack-hmr"):
  
Started GET "/_next/webpack-hmr" for ::1 at 2022-10-09 17:41:01 -0300
  
ActionController::RoutingError (No route matches [GET] "/_next/webpack-hmr"):
  
Started GET "/_next/webpack-hmr" for ::1 at 2022-10-09 17:41:06 -0300
  
ActionController::RoutingError (No route matches [GET] "/_next/webpack-hmr"):
  
Started GET "/_next/webpack-hmr" for ::1 at 2022-10-09 17:41:13 -0300
  
ActionController::RoutingError (No route matches [GET] "/_next/webpack-hmr"):
  
Started GET "/_next/webpack-hmr" for ::1 at 2022-10-09 17:41:19 -0300
  
ActionController::RoutingError (No route matches [GET] "/_next/webpack-hmr"):
  
Started GET "/_next/webpack-hmr" for ::1 at 2022-10-09 17:41:25 -0300
  
ActionController::RoutingError (No route matches [GET] "/_next/webpack-hmr"):
  
Started GET "/_next/webpack-hmr" for ::1 at 2022-10-09 17:41:31 -0300
  
ActionController::RoutingError (No route matches [GET] "/_next/webpack-hmr"):
  
Started GET "/_next/webpack-hmr" for ::1 at 2022-10-09 17:41:39 -0300
  
ActionController::RoutingError (No route matches [GET] "/_next/webpack-hmr"):
  
  [1m[35m (1.5ms)[0m  [1m[35mCREATE DATABASE "proyecto-Testing_development" ENCODING = 'unicode'[0m
  [1m[35m (0.4ms)[0m  [1m[35mCREATE DATABASE "proyecto-Testing_test" ENCODING = 'unicode'[0m
  [1m[35m (1.9ms)[0m  [1m[35mCREATE DATABASE "proyecto-Testing_development" ENCODING = 'unicode'[0m
  [1m[35m (0.5ms)[0m  [1m[35mCREATE DATABASE "proyecto-Testing_test" ENCODING = 'unicode'[0m
  [1m[35m (7.9ms)[0m  [1m[34mSELECT pg_try_advisory_lock(3068764288772549535)[0m
  [1m[36mActiveRecord::SchemaMigration Pluck (1.1ms)[0m  [1m[34mSELECT "schema_migrations"."version" FROM "schema_migrations" ORDER BY "schema_migrations"."version" ASC[0m
  [1m[36mActiveRecord::InternalMetadata Load (0.9ms)[0m  [1m[34mSELECT "ar_internal_metadata".* FROM "ar_internal_metadata" WHERE "ar_internal_metadata"."key" = $1 LIMIT $2[0m  [["key", "environment"], ["LIMIT", 1]]
  [1m[35m (0.2ms)[0m  [1m[34mSELECT pg_advisory_unlock(3068764288772549535)[0m
  [1m[36mActiveRecord::SchemaMigration Pluck (0.4ms)[0m  [1m[34mSELECT "schema_migrations"."version" FROM "schema_migrations" ORDER BY "schema_migrations"."version" ASC[0m
  [1m[36mActiveRecord::SchemaMigration Pluck (0.4ms)[0m  [1m[34mSELECT "schema_migrations"."version" FROM "schema_migrations" ORDER BY "schema_migrations"."version" ASC[0m
  [1m[36mTRANSACTION (0.1ms)[0m  [1m[35mBEGIN[0m
  [1m[36mRoom Create (2.7ms)[0m  [1m[32mINSERT INTO "rooms" ("number", "created_at", "updated_at") VALUES ($1, $2, $3) RETURNING "id"[0m  [["number", 1], ["created_at", "2022-10-09 21:18:35.856266"], ["updated_at", "2022-10-09 21:18:35.856266"]]
  [1m[36mTRANSACTION (2.2ms)[0m  [1m[35mCOMMIT[0m
  [1m[36mTRANSACTION (0.1ms)[0m  [1m[35mBEGIN[0m
  [1m[36mRoom Create (0.3ms)[0m  [1m[32mINSERT INTO "rooms" ("number", "created_at", "updated_at") VALUES ($1, $2, $3) RETURNING "id"[0m  [["number", 2], ["created_at", "2022-10-09 21:18:35.862817"], ["updated_at", "2022-10-09 21:18:35.862817"]]
  [1m[36mTRANSACTION (0.2ms)[0m  [1m[35mCOMMIT[0m
  [1m[36mTRANSACTION (0.1ms)[0m  [1m[35mBEGIN[0m
  [1m[36mRoom Create (0.1ms)[0m  [1m[32mINSERT INTO "rooms" ("number", "created_at", "updated_at") VALUES ($1, $2, $3) RETURNING "id"[0m  [["number", 3], ["created_at", "2022-10-09 21:18:35.864617"], ["updated_at", "2022-10-09 21:18:35.864617"]]
  [1m[36mTRANSACTION (0.1ms)[0m  [1m[35mCOMMIT[0m
  [1m[36mTRANSACTION (0.1ms)[0m  [1m[35mBEGIN[0m
  [1m[36mRoom Create (0.2ms)[0m  [1m[32mINSERT INTO "rooms" ("number", "created_at", "updated_at") VALUES ($1, $2, $3) RETURNING "id"[0m  [["number", 4], ["created_at", "2022-10-09 21:18:35.866015"], ["updated_at", "2022-10-09 21:18:35.866015"]]
  [1m[36mTRANSACTION (0.2ms)[0m  [1m[35mCOMMIT[0m
  [1m[36mTRANSACTION (0.1ms)[0m  [1m[35mBEGIN[0m
  [1m[36mRoom Create (0.3ms)[0m  [1m[32mINSERT INTO "rooms" ("number", "created_at", "updated_at") VALUES ($1, $2, $3) RETURNING "id"[0m  [["number", 5], ["created_at", "2022-10-09 21:18:35.867520"], ["updated_at", "2022-10-09 21:18:35.867520"]]
  [1m[36mTRANSACTION (0.2ms)[0m  [1m[35mCOMMIT[0m
  [1m[36mTRANSACTION (0.1ms)[0m  [1m[35mBEGIN[0m
  [1m[36mRoom Create (0.1ms)[0m  [1m[32mINSERT INTO "rooms" ("number", "created_at", "updated_at") VALUES ($1, $2, $3) RETURNING "id"[0m  [["number", 6], ["created_at", "2022-10-09 21:18:35.869137"], ["updated_at", "2022-10-09 21:18:35.869137"]]
  [1m[36mTRANSACTION (0.1ms)[0m  [1m[35mCOMMIT[0m
  [1m[36mTRANSACTION (0.1ms)[0m  [1m[35mBEGIN[0m
  [1m[36mRoom Create (0.2ms)[0m  [1m[32mINSERT INTO "rooms" ("number", "created_at", "updated_at") VALUES ($1, $2, $3) RETURNING "id"[0m  [["number", 7], ["created_at", "2022-10-09 21:18:35.870523"], ["updated_at", "2022-10-09 21:18:35.870523"]]
  [1m[36mTRANSACTION (0.2ms)[0m  [1m[35mCOMMIT[0m
  [1m[36mTRANSACTION (0.1ms)[0m  [1m[35mBEGIN[0m
  [1m[36mRoom Create (0.7ms)[0m  [1m[32mINSERT INTO "rooms" ("number", "created_at", "updated_at") VALUES ($1, $2, $3) RETURNING "id"[0m  [["number", 8], ["created_at", "2022-10-09 21:18:35.872034"], ["updated_at", "2022-10-09 21:18:35.872034"]]
  [1m[36mTRANSACTION (0.1ms)[0m  [1m[35mCOMMIT[0m
  [1m[35m (0.1ms)[0m  [1m[34mSELECT pg_try_advisory_lock(3068764288772549535)[0m
  [1m[36mActiveRecord::SchemaMigration Pluck (0.4ms)[0m  [1m[34mSELECT "schema_migrations"."version" FROM "schema_migrations" ORDER BY "schema_migrations"."version" ASC[0m
Migrating to CreateProducts (20221018223617)
  [1m[36mTRANSACTION (0.1ms)[0m  [1m[35mBEGIN[0m
  [1m[35m (32.8ms)[0m  [1m[35mCREATE TABLE "products" ("id" bigserial primary key, "price" integer, "category" character varying, "weight" float, "volume" float, "created_at" timestamp(6) NOT NULL, "updated_at" timestamp(6) NOT NULL)[0m
  [1m[36mActiveRecord::SchemaMigration Create (0.2ms)[0m  [1m[32mINSERT INTO "schema_migrations" ("version") VALUES ($1) RETURNING "version"[0m  [["version", "20221018223617"]]
  [1m[36mTRANSACTION (0.5ms)[0m  [1m[35mCOMMIT[0m
  [1m[36mActiveRecord::InternalMetadata Load (0.3ms)[0m  [1m[34mSELECT "ar_internal_metadata".* FROM "ar_internal_metadata" WHERE "ar_internal_metadata"."key" = $1 LIMIT $2[0m  [["key", "environment"], ["LIMIT", 1]]
  [1m[35m (0.3ms)[0m  [1m[34mSELECT pg_advisory_unlock(3068764288772549535)[0m
  [1m[36mActiveRecord::SchemaMigration Pluck (0.5ms)[0m  [1m[34mSELECT "schema_migrations"."version" FROM "schema_migrations" ORDER BY "schema_migrations"."version" ASC[0m
Started GET "/products" for 127.0.0.1 at 2022-10-18 19:40:45 -0300
  [1m[36mActiveRecord::SchemaMigration Pluck (0.5ms)[0m  [1m[34mSELECT "schema_migrations"."version" FROM "schema_migrations" ORDER BY "schema_migrations"."version" ASC[0m
Processing by ProductsController#index as HTML
  Rendering layout layouts/application.html.erb
  Rendering products/index.html.erb within layouts/application
  [1m[36mProduct Load (6.0ms)[0m  [1m[34mSELECT "products".* FROM "products"[0m
  ↳ app/views/products/index.html.erb:6
  Rendered products/index.html.erb within layouts/application (Duration: 8.8ms | Allocations: 2110)
  Rendered layout layouts/application.html.erb (Duration: 35.7ms | Allocations: 34530)
Completed 200 OK in 43ms (Views: 31.6ms | ActiveRecord: 6.0ms | Allocations: 41465)


Started GET "/products/new" for 127.0.0.1 at 2022-10-18 19:41:12 -0300
Processing by ProductsController#new as HTML
  Rendering layout layouts/application.html.erb
  Rendering products/new.html.erb within layouts/application
  Rendered products/_form.html.erb (Duration: 18.8ms | Allocations: 6037)
  Rendered products/new.html.erb within layouts/application (Duration: 22.7ms | Allocations: 6463)
  Rendered layout layouts/application.html.erb (Duration: 26.9ms | Allocations: 10091)
Completed 200 OK in 87ms (Views: 27.4ms | ActiveRecord: 13.9ms | Allocations: 30123)


Started POST "/products" for 127.0.0.1 at 2022-10-18 19:41:47 -0300
Processing by ProductsController#create as HTML
  Parameters: {"authenticity_token"=>"[FILTERED]", "product"=>{"price"=>"10", "category"=>"Bebestible", "weight"=>"10", "volume"=>"10"}, "commit"=>"Create Product"}
  [1m[36mTRANSACTION (0.2ms)[0m  [1m[35mBEGIN[0m
  ↳ app/controllers/products_controller.rb:27:in `block in create'
  [1m[36mProduct Create (4.3ms)[0m  [1m[32mINSERT INTO "products" ("price", "category", "weight", "volume", "created_at", "updated_at") VALUES ($1, $2, $3, $4, $5, $6) RETURNING "id"[0m  [["price", 10], ["category", "Bebestible"], ["weight", 10.0], ["volume", 10.0], ["created_at", "2022-10-18 22:41:47.469963"], ["updated_at", "2022-10-18 22:41:47.469963"]]
  ↳ app/controllers/products_controller.rb:27:in `block in create'
  [1m[36mTRANSACTION (1.3ms)[0m  [1m[35mCOMMIT[0m
  ↳ app/controllers/products_controller.rb:27:in `block in create'
Redirected to http://127.0.0.1:3000/products/1
Completed 302 Found in 17ms (ActiveRecord: 5.8ms | Allocations: 3792)


Started GET "/products/1" for 127.0.0.1 at 2022-10-18 19:41:47 -0300
Processing by ProductsController#show as HTML
  Parameters: {"id"=>"1"}
  [1m[36mProduct Load (0.2ms)[0m  [1m[34mSELECT "products".* FROM "products" WHERE "products"."id" = $1 LIMIT $2[0m  [["id", 1], ["LIMIT", 1]]
  ↳ app/controllers/products_controller.rb:63:in `set_product'
  Rendering layout layouts/application.html.erb
  Rendering products/show.html.erb within layouts/application
  Rendered products/_product.html.erb (Duration: 0.8ms | Allocations: 405)
  Rendered products/show.html.erb within layouts/application (Duration: 5.5ms | Allocations: 1886)
  Rendered layout layouts/application.html.erb (Duration: 11.2ms | Allocations: 5512)
Completed 200 OK in 17ms (Views: 11.7ms | ActiveRecord: 0.4ms | Allocations: 8428)


Started GET "/products" for 127.0.0.1 at 2022-10-18 19:41:51 -0300
Processing by ProductsController#index as HTML
  Rendering layout layouts/application.html.erb
  Rendering products/index.html.erb within layouts/application
  [1m[36mProduct Load (0.3ms)[0m  [1m[34mSELECT "products".* FROM "products"[0m
  ↳ app/views/products/index.html.erb:6
  Rendered products/_product.html.erb (Duration: 0.1ms | Allocations: 20)
  Rendered products/index.html.erb within layouts/application (Duration: 2.6ms | Allocations: 1039)
  Rendered layout layouts/application.html.erb (Duration: 8.9ms | Allocations: 4552)
Completed 200 OK in 10ms (Views: 9.3ms | ActiveRecord: 0.3ms | Allocations: 4858)


Started GET "/products/1" for 127.0.0.1 at 2022-10-18 19:41:55 -0300
Processing by ProductsController#show as HTML
  Parameters: {"id"=>"1"}
  [1m[36mProduct Load (0.3ms)[0m  [1m[34mSELECT "products".* FROM "products" WHERE "products"."id" = $1 LIMIT $2[0m  [["id", 1], ["LIMIT", 1]]
  ↳ app/controllers/products_controller.rb:63:in `set_product'
  Rendering layout layouts/application.html.erb
  Rendering products/show.html.erb within layouts/application
  Rendered products/_product.html.erb (Duration: 0.1ms | Allocations: 20)
  Rendered products/show.html.erb within layouts/application (Duration: 1.5ms | Allocations: 552)
  Rendered layout layouts/application.html.erb (Duration: 7.0ms | Allocations: 4064)
Completed 200 OK in 11ms (Views: 7.7ms | ActiveRecord: 0.3ms | Allocations: 4851)


Started GET "/products" for 127.0.0.1 at 2022-10-18 19:41:57 -0300
Processing by ProductsController#index as HTML
  Rendering layout layouts/application.html.erb
  Rendering products/index.html.erb within layouts/application
  [1m[36mProduct Load (0.3ms)[0m  [1m[34mSELECT "products".* FROM "products"[0m
  ↳ app/views/products/index.html.erb:6
  Rendered products/_product.html.erb (Duration: 0.2ms | Allocations: 20)
  Rendered products/index.html.erb within layouts/application (Duration: 3.5ms | Allocations: 913)
  Rendered layout layouts/application.html.erb (Duration: 10.4ms | Allocations: 4423)
Completed 200 OK in 12ms (Views: 11.0ms | ActiveRecord: 0.3ms | Allocations: 4682)


Started GET "/products/1" for 127.0.0.1 at 2022-10-18 19:43:31 -0300
Processing by ProductsController#show as HTML
  Parameters: {"id"=>"1"}
  [1m[36mProduct Load (0.8ms)[0m  [1m[34mSELECT "products".* FROM "products" WHERE "products"."id" = $1 LIMIT $2[0m  [["id", 1], ["LIMIT", 1]]
  ↳ app/controllers/products_controller.rb:63:in `set_product'
  Rendering layout layouts/application.html.erb
  Rendering products/show.html.erb within layouts/application
  Rendered products/_product.html.erb (Duration: 0.5ms | Allocations: 20)
  Rendered products/show.html.erb within layouts/application (Duration: 8.9ms | Allocations: 549)
  Rendered layout layouts/application.html.erb (Duration: 16.1ms | Allocations: 4059)
Completed 200 OK in 27ms (Views: 17.2ms | ActiveRecord: 0.8ms | Allocations: 4803)


Started GET "/products/1/edit" for 127.0.0.1 at 2022-10-18 19:43:33 -0300
Processing by ProductsController#edit as HTML
  Parameters: {"id"=>"1"}
  [1m[36mProduct Load (0.4ms)[0m  [1m[34mSELECT "products".* FROM "products" WHERE "products"."id" = $1 LIMIT $2[0m  [["id", 1], ["LIMIT", 1]]
  ↳ app/controllers/products_controller.rb:63:in `set_product'
  Rendering layout layouts/application.html.erb
  Rendering products/edit.html.erb within layouts/application
  Rendered products/_form.html.erb (Duration: 4.4ms | Allocations: 1614)
  Rendered products/edit.html.erb within layouts/application (Duration: 7.0ms | Allocations: 1987)
  Rendered layout layouts/application.html.erb (Duration: 12.0ms | Allocations: 5497)
Completed 200 OK in 16ms (Views: 12.6ms | ActiveRecord: 0.4ms | Allocations: 6291)


Started GET "/products" for 127.0.0.1 at 2022-10-18 19:43:35 -0300
Processing by ProductsController#index as HTML
  Rendering layout layouts/application.html.erb
  Rendering products/index.html.erb within layouts/application
  [1m[36mProduct Load (0.4ms)[0m  [1m[34mSELECT "products".* FROM "products"[0m
  ↳ app/views/products/index.html.erb:6
  Rendered products/_product.html.erb (Duration: 0.1ms | Allocations: 20)
  Rendered products/index.html.erb within layouts/application (Duration: 7.3ms | Allocations: 895)
  Rendered layout layouts/application.html.erb (Duration: 12.7ms | Allocations: 4405)
Completed 200 OK in 14ms (Views: 12.9ms | ActiveRecord: 0.4ms | Allocations: 4664)


Started GET "/products/new" for 127.0.0.1 at 2022-10-18 19:43:36 -0300
Processing by ProductsController#new as HTML
  Rendering layout layouts/application.html.erb
  Rendering products/new.html.erb within layouts/application
  Rendered products/_form.html.erb (Duration: 2.4ms | Allocations: 1436)
  Rendered products/new.html.erb within layouts/application (Duration: 2.7ms | Allocations: 1520)
  Rendered layout layouts/application.html.erb (Duration: 7.9ms | Allocations: 5030)
Completed 200 OK in 9ms (Views: 8.4ms | ActiveRecord: 0.0ms | Allocations: 5297)


Started POST "/products" for 127.0.0.1 at 2022-10-18 19:43:43 -0300
Processing by ProductsController#create as HTML
  Parameters: {"authenticity_token"=>"[FILTERED]", "product"=>{"price"=>"10", "category"=>"Bebestible", "weight"=>"12", "volume"=>"12"}, "commit"=>"Create Product"}
  [1m[36mTRANSACTION (0.1ms)[0m  [1m[35mBEGIN[0m
  ↳ app/controllers/products_controller.rb:27:in `block in create'
  [1m[36mProduct Create (0.6ms)[0m  [1m[32mINSERT INTO "products" ("price", "category", "weight", "volume", "created_at", "updated_at") VALUES ($1, $2, $3, $4, $5, $6) RETURNING "id"[0m  [["price", 10], ["category", "Bebestible"], ["weight", 12.0], ["volume", 12.0], ["created_at", "2022-10-18 22:43:43.749151"], ["updated_at", "2022-10-18 22:43:43.749151"]]
  ↳ app/controllers/products_controller.rb:27:in `block in create'
  [1m[36mTRANSACTION (1.2ms)[0m  [1m[35mCOMMIT[0m
  ↳ app/controllers/products_controller.rb:27:in `block in create'
Redirected to http://127.0.0.1:3000/products/2
Completed 302 Found in 11ms (ActiveRecord: 1.9ms | Allocations: 2334)


Started GET "/products/2" for 127.0.0.1 at 2022-10-18 19:43:43 -0300
Processing by ProductsController#show as HTML
  Parameters: {"id"=>"2"}
  [1m[36mProduct Load (0.4ms)[0m  [1m[34mSELECT "products".* FROM "products" WHERE "products"."id" = $1 LIMIT $2[0m  [["id", 2], ["LIMIT", 1]]
  ↳ app/controllers/products_controller.rb:63:in `set_product'
  Rendering layout layouts/application.html.erb
  Rendering products/show.html.erb within layouts/application
  Rendered products/_product.html.erb (Duration: 0.1ms | Allocations: 20)
  Rendered products/show.html.erb within layouts/application (Duration: 0.8ms | Allocations: 583)
  Rendered layout layouts/application.html.erb (Duration: 4.3ms | Allocations: 4093)
Completed 200 OK in 7ms (Views: 4.6ms | ActiveRecord: 0.4ms | Allocations: 4833)


Started GET "/products" for 127.0.0.1 at 2022-10-18 19:43:46 -0300
Processing by ProductsController#index as HTML
  Rendering layout layouts/application.html.erb
  Rendering products/index.html.erb within layouts/application
  [1m[36mProduct Load (0.3ms)[0m  [1m[34mSELECT "products".* FROM "products"[0m
  ↳ app/views/products/index.html.erb:6
  Rendered products/_product.html.erb (Duration: 0.2ms | Allocations: 20)
  Rendered products/_product.html.erb (Duration: 0.1ms | Allocations: 19)
  Rendered products/index.html.erb within layouts/application (Duration: 4.3ms | Allocations: 1030)
  Rendered layout layouts/application.html.erb (Duration: 11.4ms | Allocations: 4540)
Completed 200 OK in 14ms (Views: 12.0ms | ActiveRecord: 0.3ms | Allocations: 4799)


Started GET "/" for 127.0.0.1 at 2022-10-18 19:52:16 -0300
  [1m[36mActiveRecord::SchemaMigration Pluck (0.7ms)[0m  [1m[34mSELECT "schema_migrations"."version" FROM "schema_migrations" ORDER BY "schema_migrations"."version" ASC[0m
Processing by MovieController#home as HTML
  Rendering layout layouts/application.html.erb
  Rendering movie/home.html.erb within layouts/application
  Rendered movie/home.html.erb within layouts/application (Duration: 17.2ms | Allocations: 27300)
  Rendered layout layouts/application.html.erb (Duration: 22.9ms | Allocations: 36459)
Completed 200 OK in 29ms (Views: 24.6ms | ActiveRecord: 0.0ms | Allocations: 42595)


Started GET "/products" for 127.0.0.1 at 2022-10-18 19:52:18 -0300
Processing by ProductsController#index as HTML
  Rendering layout layouts/application.html.erb
  Rendering products/index.html.erb within layouts/application
  [1m[36mProduct Load (0.6ms)[0m  [1m[34mSELECT "products".* FROM "products"[0m
  ↳ app/views/products/index.html.erb:6
  Rendered products/_product.html.erb (Duration: 0.6ms | Allocations: 434)
  Rendered products/_product.html.erb (Duration: 0.0ms | Allocations: 19)
  Rendered products/index.html.erb within layouts/application (Duration: 16.6ms | Allocations: 16732)
  Rendered layout layouts/application.html.erb (Duration: 19.8ms | Allocations: 20461)
Completed 200 OK in 28ms (Views: 18.2ms | ActiveRecord: 4.1ms | Allocations: 22360)


Started GET "/products" for 127.0.0.1 at 2022-10-18 19:52:21 -0300
Processing by ProductsController#index as HTML
  Rendering layout layouts/application.html.erb
  Rendering products/index.html.erb within layouts/application
  [1m[36mProduct Load (0.3ms)[0m  [1m[34mSELECT "products".* FROM "products"[0m
  ↳ app/views/products/index.html.erb:6
  Rendered products/_product.html.erb (Duration: 0.1ms | Allocations: 20)
  Rendered products/_product.html.erb (Duration: 0.1ms | Allocations: 19)
  Rendered products/index.html.erb within layouts/application (Duration: 3.4ms | Allocations: 1187)
  Rendered layout layouts/application.html.erb (Duration: 9.4ms | Allocations: 4700)
Completed 200 OK in 11ms (Views: 9.7ms | ActiveRecord: 0.3ms | Allocations: 5006)


